        -:    0:Source:unittest4.c
        -:    0:Graph:unittest4.gcno
        -:    0:Data:unittest4.gcda
        -:    0:Runs:1
        -:    0:Programs:1
        -:    1:/*
        -:    2:Bryce Holewinski
        -:    3:CS362, Section 400
        -:    4:This is part of the unit tests suites
        -:    5:It will test a particular function in
        -:    6:dominion.c. Formatting based on suppltTest.c
        -:    7:*/
        -:    8:
        -:    9:#include "dominion.h"
        -:   10:#include "dominion_helpers.h"
        -:   11:#include <string.h>
        -:   12:#include <stdio.h>
        -:   13:#include <assert.h>
        -:   14:#include "rngs.h"
        -:   15:#include "assertTrue.h"
        -:   16:
        -:   17:int main () {
        -:   18:
        -:   19:  int r;
        -:   20:  int t; // testing variable
        -:   21:
        1:   22:  int k[10] = {adventurer, council_room, feast, gardens, mine,
        -:   23:	       remodel, smithy, village, baron, great_hall};
        -:   24:
        -:   25:  struct gameState G;
        -:   26:
        1:   27:  r = initializeGame(2, k, 1, &G);
        1:   28:  printf("*************************************************\n");
        1:   29:  printf("This test will check the buyCard function.\n");
        1:   30:  printf("First check to make sure the player has buys left to use.\n");
        1:   31:  G.numBuys = 0;
        1:   32:  assertTrue(buyCard(2, &G) == 0, "Cannot purchase a card when out of buys.\n");
        1:   33:  G.numBuys = 1;
        1:   34:  printf("Check to make sure the player has enough coins.\n");
        1:   35:  G.coins = 0;
        1:   36:  assertTrue((buyCard(2, &G) == 0), "Cannot purchase a card when out of coins.");
        1:   37:  G.coins = 10;
        1:   38:  assertTrue((buyCard(2, &G) == 1), "Can purchase a card when you have the proper amount of coins.");
        1:   39:  printf("*************************************************\n");
        1:   40:  return 0;
        -:   41:}
